<?xml version="1.0" encoding="UTF-8"?>
<testng-results ignored="0" total="1" passed="1" failed="0" skipped="0">
  <reporter-output>
    <line>
      <![CDATA[Browser is laucnhed]]>
    </line>
    <line>
      <![CDATA[Window is maximized]]>
    </line>
    <line>
      <![CDATA[Navigated to application]]>
    </line>
    <line>
      <![CDATA[clicked on computers in button]]>
    </line>
    <line>
      <![CDATA[clicked on notebook ]]>
    </line>
    <line>
      <![CDATA[Logged out from application]]>
    </line>
    <line>
      <![CDATA[Quitted the browser]]>
    </line>
  </reporter-output>
  <suite started-at="2022-08-10T14:40:25 IST" name="Default suite" finished-at="2022-08-10T14:40:32 IST" duration-ms="6484">
    <groups>
    </groups>
    <test started-at="2022-08-10T14:40:25 IST" name="Default test" finished-at="2022-08-10T14:40:32 IST" duration-ms="6484">
      <class name="register.TC_DWS_10_Test">
        <test-method is-config="true" signature="launchBrowser()[pri:0, instance:register.TC_DWS_10_Test@3bf9ce3e]" started-at="2022-08-10T14:40:22 IST" name="launchBrowser" finished-at="2022-08-10T14:40:25 IST" duration-ms="3692" status="PASS">
          <reporter-output>
            <line>
              <![CDATA[Browser is laucnhed]]>
            </line>
            <line>
              <![CDATA[Window is maximized]]>
            </line>
          </reporter-output>
        </test-method> <!-- launchBrowser -->
        <test-method is-config="true" signature="NavigatingToApplication()[pri:0, instance:register.TC_DWS_10_Test@3bf9ce3e]" started-at="2022-08-10T14:40:25 IST" name="NavigatingToApplication" finished-at="2022-08-10T14:40:30 IST" duration-ms="4416" status="PASS">
          <reporter-output>
            <line>
              <![CDATA[Navigated to application]]>
            </line>
          </reporter-output>
        </test-method> <!-- NavigatingToApplication -->
        <test-method signature="description()[pri:0, instance:register.TC_DWS_10_Test@3bf9ce3e]" started-at="2022-08-10T14:40:30 IST" name="description" finished-at="2022-08-10T14:40:32 IST" duration-ms="2003" status="PASS">
          <reporter-output>
            <line>
              <![CDATA[clicked on computers in button]]>
            </line>
            <line>
              <![CDATA[clicked on notebook ]]>
            </line>
          </reporter-output>
        </test-method> <!-- description -->
        <test-method is-config="true" signature="LogoutOperation()[pri:0, instance:register.TC_DWS_10_Test@3bf9ce3e]" started-at="2022-08-10T14:40:32 IST" name="LogoutOperation" finished-at="2022-08-10T14:40:32 IST" duration-ms="1" status="PASS">
          <reporter-output>
            <line>
              <![CDATA[Logged out from application]]>
            </line>
          </reporter-output>
        </test-method> <!-- LogoutOperation -->
        <test-method is-config="true" signature="tearDownTheBrowser()[pri:0, instance:register.TC_DWS_10_Test@3bf9ce3e]" started-at="2022-08-10T14:40:32 IST" name="tearDownTheBrowser" finished-at="2022-08-10T14:40:32 IST" duration-ms="388" status="PASS">
          <reporter-output>
            <line>
              <![CDATA[Quitted the browser]]>
            </line>
          </reporter-output>
        </test-method> <!-- tearDownTheBrowser -->
      </class> <!-- register.TC_DWS_10_Test -->
    </test> <!-- Default test -->
  </suite> <!-- Default suite -->
</testng-results>
